<?xml version="1.0" encoding="UTF-8"?>
<testng-results skipped="0" failed="0" total="5" passed="5">
  <reporter-output>
  </reporter-output>
  <suite name="Default suite" duration-ms="9078" started-at="2022-07-01T10:10:41Z" finished-at="2022-07-01T10:10:50Z">
    <groups>
    </groups>
    <test name="Default test" duration-ms="9078" started-at="2022-07-01T10:10:41Z" finished-at="2022-07-01T10:10:50Z">
      <class name="restAssuredProject.RaProject">
        <test-method status="PASS" signature="firstPOST(java.lang.String, java.lang.String, java.lang.String, java.lang.String, java.lang.String, java.lang.String, int)[pri:0, instance:restAssuredProject.RaProject@2a18f23c]" name="firstPOST" duration-ms="3318" started-at="2022-07-01T15:40:41Z" data-provider="postData" finished-at="2022-07-01T15:40:44Z">
          <params>
            <param index="0">
              <value>
                <![CDATA[dnknown]]>
              </value>
            </param>
            <param index="1">
              <value>
                <![CDATA[003pxd]]>
              </value>
            </param>
            <param index="2">
              <value>
                <![CDATA[india]]>
              </value>
            </param>
            <param index="3">
              <value>
                <![CDATA[abc@xyz.com]]>
              </value>
            </param>
            <param index="4">
              <value>
                <![CDATA[pass123]]>
              </value>
            </param>
            <param index="5">
              <value>
                <![CDATA[9876543210]]>
              </value>
            </param>
            <param index="6">
              <value>
                <![CDATA[0]]>
              </value>
            </param>
          </params>
          <reporter-output>
          </reporter-output>
        </test-method> <!-- firstPOST -->
        <test-method status="PASS" signature="firstPUT(java.lang.String, java.lang.String, java.lang.String, java.lang.String, java.lang.String, java.lang.String, int)[pri:0, instance:restAssuredProject.RaProject@2a18f23c]" name="firstPUT" duration-ms="1494" started-at="2022-07-01T15:40:44Z" data-provider="putData" depends-on-methods="restAssuredProject.RaProject.firstPOST" finished-at="2022-07-01T15:40:46Z">
          <params>
            <param index="0">
              <value>
                <![CDATA[dnknown]]>
              </value>
            </param>
            <param index="1">
              <value>
                <![CDATA[003pxd]]>
              </value>
            </param>
            <param index="2">
              <value>
                <![CDATA[744]]>
              </value>
            </param>
            <param index="3">
              <value>
                <![CDATA[abc@xyz.com]]>
              </value>
            </param>
            <param index="4">
              <value>
                <![CDATA[pass123]]>
              </value>
            </param>
            <param index="5">
              <value>
                <![CDATA[9876543210]]>
              </value>
            </param>
            <param index="6">
              <value>
                <![CDATA[0]]>
              </value>
            </param>
          </params>
          <reporter-output>
          </reporter-output>
        </test-method> <!-- firstPUT -->
        <test-method status="PASS" signature="login(java.lang.String, java.lang.String)[pri:0, instance:restAssuredProject.RaProject@2a18f23c]" name="login" duration-ms="1396" started-at="2022-07-01T15:40:46Z" data-provider="loginData" depends-on-methods="restAssuredProject.RaProject.firstPOST" finished-at="2022-07-01T15:40:47Z">
          <params>
            <param index="0">
              <value>
                <![CDATA[dnknown]]>
              </value>
            </param>
            <param index="1">
              <value>
                <![CDATA[pass123]]>
              </value>
            </param>
          </params>
          <reporter-output>
          </reporter-output>
        </test-method> <!-- login -->
        <test-method status="PASS" signature="firstDELETE(java.lang.String)[pri:0, instance:restAssuredProject.RaProject@2a18f23c]" name="firstDELETE" duration-ms="1458" started-at="2022-07-01T15:40:47Z" data-provider="deleteData" depends-on-methods="restAssuredProject.RaProject.firstPUT" finished-at="2022-07-01T15:40:49Z">
          <params>
            <param index="0">
              <value>
                <![CDATA[dnknown]]>
              </value>
            </param>
          </params>
          <reporter-output>
          </reporter-output>
        </test-method> <!-- firstDELETE -->
        <test-method status="PASS" signature="anotherGET(java.lang.String)[pri:0, instance:restAssuredProject.RaProject@2a18f23c]" name="anotherGET" duration-ms="1400" started-at="2022-07-01T15:40:49Z" data-provider="deleteData" depends-on-methods="restAssuredProject.RaProject.firstDELETE" finished-at="2022-07-01T15:40:50Z">
          <params>
            <param index="0">
              <value>
                <![CDATA[dnknown]]>
              </value>
            </param>
          </params>
          <reporter-output>
          </reporter-output>
        </test-method> <!-- anotherGET -->
      </class> <!-- restAssuredProject.RaProject -->
    </test> <!-- Default test -->
  </suite> <!-- Default suite -->
</testng-results>
